2025-05-21 10:33:37 - Script gestartet
2025-05-21 10:33:38 - Authentifiziert als 21xcezmboimvpmumf2pfapd4y
2025-05-21 10:33:38 - Playlist erstellt: https://open.spotify.com/playlist/6X4fZuErOCEx2w942wHUIA
2025-05-21 10:33:38 - Gefunden via allgemeine Suche: Message To Bears - Disquiet
2025-05-21 10:33:39 - Gefunden via allgemeine Suche: Message To Bears - Open Lungs
2025-05-21 10:33:39 - Gefunden via allgemeine Suche: Message To Bears - Half Light
2025-05-21 10:33:40 - Gefunden via allgemeine Suche: Message To Bears - Turbines Over Oceans
2025-05-21 10:33:40 - Gefunden via allgemeine Suche: Message To Bears - River Calls
2025-05-21 10:33:41 - Gefunden via allgemeine Suche: Message To Bears - Awake, Far Away
2025-05-21 10:33:41 - Gefunden via allgemeine Suche: Gone Gone Beyond - Ain’t Givin’ Up on Love
2025-05-21 10:33:41 - Gefunden via allgemeine Suche: Gone Gone Beyond - Back Swing
2025-05-21 10:33:42 - Gefunden via allgemeine Suche: Estas Tonne - The Song of the Golden Dragon
2025-05-21 10:33:42 - Gefunden via allgemeine Suche: Estas Tonne - Bird’s Teardrops
2025-05-21 10:33:42 - Gefunden via allgemeine Suche: Estas Tonne - Cosmic Fairytale
2025-05-21 10:33:43 - Gefunden via allgemeine Suche: Estas Tonne - Introspection
2025-05-21 10:33:43 - Gefunden via allgemeine Suche: Karunesh - Dervish Dream
2025-05-21 10:33:44 - Gefunden via allgemeine Suche: Karunesh - Calling Wisdom
2025-05-21 10:33:44 - Gefunden via allgemeine Suche: Karunesh - For the Joy of It All
2025-05-21 10:33:45 - Gefunden via allgemeine Suche: Karunesh - Moola Mantra
2025-05-21 10:33:45 - Gefunden via allgemeine Suche: Howard Shore - Concerning Hobbits
2025-05-21 10:33:45 - Gefunden via allgemeine Suche: David Arkenstone - Prelude: Hobbits from the Shire
2025-05-21 10:33:46 - Gefunden via allgemeine Suche: David Arkenstone - The Green Dragon
2025-05-21 10:33:46 - Gefunden via allgemeine Suche: Era - Ameno
2025-05-21 10:33:46 - Gefunden via allgemeine Suche: Loreena McKennitt - The Mystic’s Dream
2025-05-21 10:33:47 - Gefunden via allgemeine Suche: Moby - Porcelain
2025-05-21 10:33:47 - Gefunden via allgemeine Suche: Deep Forest - Sweet Lullaby
2025-05-21 10:33:48 - Gefunden via allgemeine Suche: Ottmar Liebert - Barcelona Nights
2025-05-21 10:33:48 - Gefunden via allgemeine Suche: Kitaro - Theme from Silk Road
2025-05-21 10:33:48 - Gefunden via allgemeine Suche: Klaus Schulze - Crystal Lake
2025-05-21 10:33:49 - Gefunden via allgemeine Suche: Ryuichi Sakamoto - Merry Christmas Mr. Lawrence
2025-05-21 10:33:49 - Gefunden via allgemeine Suche: Secret Garden - Nocturne
2025-05-21 10:33:50 - Gefunden via allgemeine Suche: Delerium - Aria
2025-05-21 10:33:50 - Gefunden via allgemeine Suche: Vangelis - La Petite Fille de la Mer
2025-05-21 10:33:50 - Insgesamt 30 eindeutige Track-IDs
2025-05-21 10:33:50 - Batch hinzugefügt: 30 Tracks
2025-05-21 10:33:50 - Erfolgreich 30 Tracks hinzugefügt.
2025-05-21 10:53:52 - Script gestartet
2025-05-21 10:53:52 - Authentifiziert als 21xcezmboimvpmumf2pfapd4y
2025-05-21 10:53:52 - Playlist erstellt: https://open.spotify.com/playlist/2ZlggemUVpwg8qjF2H3Z1S
2025-05-21 10:53:53 - Gefunden via allgemeine Suche: Message To Bears - Disquiet
2025-05-21 10:53:53 - Gefunden via allgemeine Suche: Message To Bears - Open Lungs
2025-05-21 10:53:53 - Gefunden via allgemeine Suche: Message To Bears - Half Light
2025-05-21 10:53:53 - Gefunden via allgemeine Suche: Message To Bears - Turbines Over Oceans
2025-05-21 10:53:54 - Gefunden via allgemeine Suche: Message To Bears - River Calls
2025-05-21 10:53:54 - Gefunden via allgemeine Suche: Message To Bears - Awake, Far Away
2025-05-21 10:53:55 - Gefunden via allgemeine Suche: Gone Gone Beyond - Ain’t Givin’ Up on Love
2025-05-21 10:53:55 - Gefunden via allgemeine Suche: Gone Gone Beyond - Back Swing
2025-05-21 10:53:55 - Gefunden via allgemeine Suche: Estas Tonne - The Song of the Golden Dragon
2025-05-21 10:53:55 - Gefunden via allgemeine Suche: Estas Tonne - Bird’s Teardrops
2025-05-21 10:53:56 - Gefunden via allgemeine Suche: Estas Tonne - Cosmic Fairytale
2025-05-21 10:53:56 - Gefunden via allgemeine Suche: Estas Tonne - Introspection
2025-05-21 10:53:56 - Gefunden via allgemeine Suche: Karunesh - Dervish Dream
2025-05-21 10:53:57 - Gefunden via allgemeine Suche: Karunesh - Calling Wisdom
2025-05-21 10:53:57 - Gefunden via allgemeine Suche: Karunesh - For the Joy of It All
2025-05-21 10:53:57 - Gefunden via allgemeine Suche: Karunesh - Moola Mantra
2025-05-21 10:53:58 - Gefunden via allgemeine Suche: Howard Shore - Concerning Hobbits
2025-05-21 10:53:58 - Gefunden via allgemeine Suche: David Arkenstone - Prelude: Hobbits from the Shire
2025-05-21 10:53:58 - Gefunden via allgemeine Suche: David Arkenstone - The Green Dragon
2025-05-21 10:53:59 - Gefunden via allgemeine Suche: Era - Ameno
2025-05-21 10:53:59 - Gefunden via allgemeine Suche: Loreena McKennitt - The Mystic’s Dream
2025-05-21 10:53:59 - Gefunden via allgemeine Suche: Moby - Porcelain
2025-05-21 10:54:00 - Gefunden via allgemeine Suche: Deep Forest - Sweet Lullaby
2025-05-21 10:54:00 - Gefunden via allgemeine Suche: Ottmar Liebert - Barcelona Nights
2025-05-21 10:54:00 - Gefunden via allgemeine Suche: Kitaro - Theme from Silk Road
2025-05-21 10:54:00 - Gefunden via allgemeine Suche: Klaus Schulze - Crystal Lake
2025-05-21 10:54:01 - Gefunden via allgemeine Suche: Ryuichi Sakamoto - Merry Christmas Mr. Lawrence
2025-05-21 10:54:01 - Gefunden via allgemeine Suche: Secret Garden - Nocturne
2025-05-21 10:54:01 - Gefunden via allgemeine Suche: Delerium - Aria
2025-05-21 10:54:02 - Gefunden via allgemeine Suche: Vangelis - La Petite Fille de la Mer
2025-05-21 10:54:02 - Insgesamt 30 eindeutige Track-IDs
2025-05-21 10:54:02 - Batch hinzugefügt: 30 Tracks
2025-05-21 10:54:02 - Erfolgreich 30 Tracks hinzugefügt.
2025-05-21 11:18:55 - Script gestartet
2025-05-21 11:18:56 - Authentifiziert als 21xcezmboimvpmumf2pfapd4y
2025-05-21 11:18:56 - Playlist erstellt: https://open.spotify.com/playlist/4Vrj095dr5koIDhkxfoUdF
2025-05-21 11:18:56 - Gefunden via allgemeine Suche: Message To Bears - Disquiet
2025-05-21 11:18:56 - Gefunden via allgemeine Suche: Message To Bears - Open Lungs
2025-05-21 11:18:57 - Gefunden via allgemeine Suche: Message To Bears - Half Light
2025-05-21 11:18:57 - Gefunden via allgemeine Suche: Message To Bears - Turbines Over Oceans
2025-05-21 11:18:57 - Gefunden via allgemeine Suche: Message To Bears - River Calls
2025-05-21 11:18:58 - Gefunden via allgemeine Suche: Message To Bears - Awake, Far Away
2025-05-21 11:18:58 - Gefunden via allgemeine Suche: Gone Gone Beyond - Ain’t Givin’ Up on Love
2025-05-21 11:18:58 - Gefunden via allgemeine Suche: Gone Gone Beyond - Back Swing
2025-05-21 11:18:58 - Gefunden via allgemeine Suche: Estas Tonne - The Song of the Golden Dragon
2025-05-21 11:18:59 - Gefunden via allgemeine Suche: Estas Tonne - Bird’s Teardrops
2025-05-21 11:18:59 - Gefunden via allgemeine Suche: Estas Tonne - Cosmic Fairytale
2025-05-21 11:19:00 - Gefunden via allgemeine Suche: Estas Tonne - Introspection
2025-05-21 11:19:00 - Gefunden via allgemeine Suche: Karunesh - Dervish Dream
2025-05-21 11:19:01 - Gefunden via allgemeine Suche: Karunesh - Calling Wisdom
2025-05-21 11:19:01 - Gefunden via allgemeine Suche: Karunesh - For the Joy of It All
2025-05-21 11:19:01 - Gefunden via allgemeine Suche: Karunesh - Moola Mantra
2025-05-21 11:19:02 - Gefunden via allgemeine Suche: Howard Shore - Concerning Hobbits
2025-05-21 11:19:02 - Gefunden via allgemeine Suche: David Arkenstone - Prelude: Hobbits from the Shire
2025-05-21 11:19:02 - Gefunden via allgemeine Suche: David Arkenstone - The Green Dragon
2025-05-21 11:19:03 - Gefunden via allgemeine Suche: Era - Ameno
2025-05-21 11:19:03 - Gefunden via allgemeine Suche: Loreena McKennitt - The Mystic’s Dream
2025-05-21 11:19:03 - Gefunden via allgemeine Suche: Moby - Porcelain
2025-05-21 11:19:04 - Gefunden via allgemeine Suche: Deep Forest - Sweet Lullaby
2025-05-21 11:19:04 - Gefunden via allgemeine Suche: Ottmar Liebert - Barcelona Nights
2025-05-21 11:19:04 - Gefunden via allgemeine Suche: Kitaro - Theme from Silk Road
2025-05-21 11:19:04 - Gefunden via allgemeine Suche: Klaus Schulze - Crystal Lake
2025-05-21 11:19:05 - Gefunden via allgemeine Suche: Ryuichi Sakamoto - Merry Christmas Mr. Lawrence
2025-05-21 11:19:05 - Gefunden via allgemeine Suche: Secret Garden - Nocturne
2025-05-21 11:19:05 - Gefunden via allgemeine Suche: Delerium - Aria
2025-05-21 11:19:06 - Gefunden via allgemeine Suche: Vangelis - La Petite Fille de la Mer
2025-05-21 11:19:06 - Insgesamt 30 eindeutige Track-IDs
2025-05-21 11:19:06 - Batch hinzugefügt: 30 Tracks
2025-05-21 11:19:06 - Erfolgreich 30 Tracks hinzugefügt.
2025-05-21 11:19:11 - Script gestartet
2025-05-21 11:19:11 - Authentifiziert als 21xcezmboimvpmumf2pfapd4y
2025-05-21 11:19:11 - Playlist erstellt: https://open.spotify.com/playlist/5Buw4bsl4FjxOmlARTNKM5
2025-05-21 11:19:12 - Gefunden via allgemeine Suche: Message To Bears - Disquiet
2025-05-21 11:19:12 - Gefunden via allgemeine Suche: Message To Bears - Open Lungs
2025-05-21 11:19:12 - Gefunden via allgemeine Suche: Message To Bears - Half Light
2025-05-21 11:19:12 - Gefunden via allgemeine Suche: Message To Bears - Turbines Over Oceans
2025-05-21 11:19:13 - Gefunden via allgemeine Suche: Message To Bears - River Calls
2025-05-21 11:19:13 - Gefunden via allgemeine Suche: Message To Bears - Awake, Far Away
2025-05-21 11:19:13 - Gefunden via allgemeine Suche: Gone Gone Beyond - Ain’t Givin’ Up on Love
2025-05-21 11:19:14 - Gefunden via allgemeine Suche: Gone Gone Beyond - Back Swing
2025-05-21 11:19:14 - Gefunden via allgemeine Suche: Estas Tonne - The Song of the Golden Dragon
2025-05-21 11:19:14 - Gefunden via allgemeine Suche: Estas Tonne - Bird’s Teardrops
2025-05-21 11:19:15 - Gefunden via allgemeine Suche: Estas Tonne - Cosmic Fairytale
2025-05-21 11:19:15 - Gefunden via allgemeine Suche: Estas Tonne - Introspection
2025-05-21 11:19:15 - Gefunden via allgemeine Suche: Karunesh - Dervish Dream
2025-05-21 11:19:16 - Gefunden via allgemeine Suche: Karunesh - Calling Wisdom
2025-05-21 11:19:16 - Gefunden via allgemeine Suche: Karunesh - For the Joy of It All
2025-05-21 11:19:16 - Gefunden via allgemeine Suche: Karunesh - Moola Mantra
2025-05-21 11:19:16 - Gefunden via allgemeine Suche: Howard Shore - Concerning Hobbits
2025-05-21 11:19:17 - Gefunden via allgemeine Suche: David Arkenstone - Prelude: Hobbits from the Shire
2025-05-21 11:19:17 - Gefunden via allgemeine Suche: David Arkenstone - The Green Dragon
2025-05-21 11:19:17 - Gefunden via allgemeine Suche: Era - Ameno
2025-05-21 11:19:18 - Gefunden via allgemeine Suche: Loreena McKennitt - The Mystic’s Dream
2025-05-21 11:19:18 - Gefunden via allgemeine Suche: Moby - Porcelain
2025-05-21 11:19:18 - Gefunden via allgemeine Suche: Deep Forest - Sweet Lullaby
2025-05-21 11:19:19 - Gefunden via allgemeine Suche: Ottmar Liebert - Barcelona Nights
2025-05-21 11:19:19 - Gefunden via allgemeine Suche: Kitaro - Theme from Silk Road
2025-05-21 11:19:19 - Gefunden via allgemeine Suche: Klaus Schulze - Crystal Lake
2025-05-21 11:19:20 - Gefunden via allgemeine Suche: Ryuichi Sakamoto - Merry Christmas Mr. Lawrence
2025-05-21 11:19:20 - Gefunden via allgemeine Suche: Secret Garden - Nocturne
2025-05-21 11:19:20 - Gefunden via allgemeine Suche: Delerium - Aria
2025-05-21 11:19:20 - Gefunden via allgemeine Suche: Vangelis - La Petite Fille de la Mer
2025-05-21 11:19:20 - Insgesamt 30 eindeutige Track-IDs
2025-05-21 11:19:21 - Batch hinzugefügt: 30 Tracks
2025-05-21 11:19:21 - Erfolgreich 30 Tracks hinzugefügt.
2025-05-21 11:23:20 - Script gestartet
2025-05-21 11:23:20 - Authentifiziert als 21xcezmboimvpmumf2pfapd4y
2025-05-21 11:23:20 - Playlist erstellt: https://open.spotify.com/playlist/38KmW03ETX2FXUa2vqbJq3
2025-05-21 11:23:20 - Gefunden via allgemeine Suche: Message To Bears - Disquiet
2025-05-21 11:23:21 - Gefunden via allgemeine Suche: Message To Bears - Open Lungs
2025-05-21 11:23:21 - Gefunden via allgemeine Suche: Message To Bears - Half Light
2025-05-21 11:23:21 - Gefunden via allgemeine Suche: Message To Bears - Turbines Over Oceans
2025-05-21 11:23:21 - Gefunden via allgemeine Suche: Message To Bears - River Calls
2025-05-21 11:23:22 - Gefunden via allgemeine Suche: Message To Bears - Awake, Far Away
2025-05-21 11:23:22 - Gefunden via allgemeine Suche: Gone Gone Beyond - Ain’t Givin’ Up on Love
2025-05-21 11:23:22 - Gefunden via allgemeine Suche: Gone Gone Beyond - Back Swing
2025-05-21 11:23:23 - Gefunden via allgemeine Suche: Estas Tonne - The Song of the Golden Dragon
2025-05-21 11:23:23 - Gefunden via allgemeine Suche: Estas Tonne - Bird’s Teardrops
2025-05-21 11:23:23 - Gefunden via allgemeine Suche: Estas Tonne - Cosmic Fairytale
2025-05-21 11:23:24 - Gefunden via allgemeine Suche: Estas Tonne - Introspection
2025-05-21 11:23:24 - Gefunden via allgemeine Suche: Karunesh - Dervish Dream
2025-05-21 11:23:24 - Gefunden via allgemeine Suche: Karunesh - Calling Wisdom
2025-05-21 11:23:25 - Gefunden via allgemeine Suche: Karunesh - For the Joy of It All
2025-05-21 11:23:25 - Gefunden via allgemeine Suche: Karunesh - Moola Mantra
2025-05-21 11:23:25 - Gefunden via allgemeine Suche: Howard Shore - Concerning Hobbits
2025-05-21 11:23:26 - Gefunden via allgemeine Suche: David Arkenstone - Prelude: Hobbits from the Shire
2025-05-21 11:23:26 - Gefunden via allgemeine Suche: David Arkenstone - The Green Dragon
2025-05-21 11:23:26 - Gefunden via allgemeine Suche: Era - Ameno
2025-05-21 11:23:26 - Gefunden via allgemeine Suche: Loreena McKennitt - The Mystic’s Dream
2025-05-21 11:23:27 - Gefunden via allgemeine Suche: Moby - Porcelain
2025-05-21 11:23:27 - Gefunden via allgemeine Suche: Deep Forest - Sweet Lullaby
2025-05-21 11:23:27 - Gefunden via allgemeine Suche: Ottmar Liebert - Barcelona Nights
2025-05-21 11:23:28 - Gefunden via allgemeine Suche: Kitaro - Theme from Silk Road
2025-05-21 11:23:28 - Gefunden via allgemeine Suche: Klaus Schulze - Crystal Lake
2025-05-21 11:23:28 - Gefunden via allgemeine Suche: Ryuichi Sakamoto - Merry Christmas Mr. Lawrence
2025-05-21 11:23:29 - Gefunden via allgemeine Suche: Secret Garden - Nocturne
2025-05-21 11:23:29 - Gefunden via allgemeine Suche: Delerium - Aria
2025-05-21 11:23:29 - Gefunden via allgemeine Suche: Vangelis - La Petite Fille de la Mer
2025-05-21 11:23:29 - Insgesamt 30 eindeutige Track-IDs
2025-05-21 11:23:29 - Batch hinzugefügt: 30 Tracks
2025-05-21 11:23:29 - Erfolgreich 30 Tracks hinzugefügt.
